<?xml version="1.0" encoding="UTF-8"?>
<testsuite name="me.dio.credit.application.system.repository.CreditRepositoryTest" tests="2" skipped="0" failures="0" errors="0" timestamp="2023-11-19T19:59:00" hostname="TIAGO" time="0.87">
  <properties/>
  <testcase name="should find all credits by customer id()" classname="me.dio.credit.application.system.repository.CreditRepositoryTest" time="0.725"/>
  <testcase name="should find credit by credit code()" classname="me.dio.credit.application.system.repository.CreditRepositoryTest" time="0.142"/>
  <system-out><![CDATA[2023-11-19T16:58:59.289-03:00  INFO 11848 --- [    Test worker] t.c.s.AnnotationConfigContextLoaderUtils : Could not detect default configuration classes for test class [me.dio.credit.application.system.repository.CreditRepositoryTest]: CreditRepositoryTest does not declare any static, non-private, non-final, nested classes annotated with @Configuration.
2023-11-19T16:58:59.462-03:00  INFO 11848 --- [    Test worker] .b.t.c.SpringBootTestContextBootstrapper : Found @SpringBootConfiguration me.dio.credit.application.system.CreditApplicationSystemApplication for test class me.dio.credit.application.system.repository.CreditRepositoryTest

  .   ____          _            __ _ _
 /\\ / ___'_ __ _ _(_)_ __  __ _ \ \ \ \
( ( )\___ | '_ | '_| | '_ \/ _` | \ \ \ \
 \\/  ___)| |_)| | | | | || (_| |  ) ) ) )
  '  |____| .__|_| |_|_| |_\__, | / / / /
 =========|_|==============|___/=/_/_/_/
 :: Spring Boot ::                (v3.0.4)

2023-11-19T16:58:59.605-03:00  INFO 11848 --- [    Test worker] m.d.c.a.s.r.CreditRepositoryTest         : Starting CreditRepositoryTest using Java 17.0.9 with PID 11848 (started by tiago in C:\Users\tiago\Documentos\Programação\Dio\credit-application-system)
2023-11-19T16:58:59.606-03:00  INFO 11848 --- [    Test worker] m.d.c.a.s.r.CreditRepositoryTest         : The following 1 profile is active: "test"
2023-11-19T16:58:59.874-03:00  INFO 11848 --- [    Test worker] .s.d.r.c.RepositoryConfigurationDelegate : Bootstrapping Spring Data JPA repositories in DEFAULT mode.
2023-11-19T16:58:59.911-03:00  INFO 11848 --- [    Test worker] .s.d.r.c.RepositoryConfigurationDelegate : Finished Spring Data repository scanning in 35 ms. Found 2 JPA repository interfaces.
2023-11-19T16:59:00.028-03:00  INFO 11848 --- [    Test worker] com.zaxxer.hikari.HikariDataSource       : HikariPool-3 - Starting...
2023-11-19T16:59:00.068-03:00  INFO 11848 --- [    Test worker] com.zaxxer.hikari.pool.HikariPool        : HikariPool-3 - Added connection conn20: url=jdbc:h2:mem:db user=SA
2023-11-19T16:59:00.071-03:00  INFO 11848 --- [    Test worker] com.zaxxer.hikari.HikariDataSource       : HikariPool-3 - Start completed.
2023-11-19T16:59:00.075-03:00  INFO 11848 --- [    Test worker] o.hibernate.jpa.internal.util.LogHelper  : HHH000204: Processing PersistenceUnitInfo [name: default]
2023-11-19T16:59:00.107-03:00  INFO 11848 --- [    Test worker] SQL dialect                              : HHH000400: Using dialect: org.hibernate.dialect.H2Dialect
Hibernate: 
    
    drop table if exists credit cascade 
Hibernate: 
    
    drop table if exists customer cascade 
Hibernate: 
    
    create table credit (
       id bigint generated by default as identity,
        credit_code uuid not null,
        credit_value numeric(38,2) not null,
        day_first_installment date not null,
        number_of_installments integer not null,
        status smallint,
        customer_id bigint,
        primary key (id)
    )
Hibernate: 
    
    create table customer (
       id bigint generated by default as identity,
        street varchar(255) not null,
        zip_code varchar(255) not null,
        cpf varchar(255) not null,
        email varchar(255) not null,
        first_name varchar(255) not null,
        income numeric(38,2) not null,
        last_name varchar(255) not null,
        password varchar(255) not null,
        primary key (id)
    )
Hibernate: 
    
    alter table if exists credit 
       add constraint UK_fs9sb9vxu86umfd06ybk7l6tv unique (credit_code)
Hibernate: 
    
    alter table if exists customer 
       add constraint UK_cwtgtb16nebxu54elskdjei66 unique (cpf)
Hibernate: 
    
    alter table if exists customer 
       add constraint UK_dwk6cx0afu8bs9o4t536v1j5v unique (email)
Hibernate: 
    
    alter table if exists credit 
       add constraint FKosxy6eoxva5hh9tschjwx1nf0 
       foreign key (customer_id) 
       references customer
2023-11-19T16:59:00.307-03:00  INFO 11848 --- [    Test worker] o.h.e.t.j.p.i.JtaPlatformInitiator       : HHH000490: Using JtaPlatform implementation: [org.hibernate.engine.transaction.jta.platform.internal.NoJtaPlatform]
2023-11-19T16:59:00.307-03:00  INFO 11848 --- [    Test worker] j.LocalContainerEntityManagerFactoryBean : Initialized JPA EntityManagerFactory for persistence unit 'default'
2023-11-19T16:59:00.712-03:00  INFO 11848 --- [    Test worker] m.d.c.a.s.r.CreditRepositoryTest         : Started CreditRepositoryTest in 1.231 seconds (process running for 45.566)
Hibernate: 
    insert 
    into
        customer
        (id, street, zip_code, cpf, email, first_name, income, last_name, password) 
    values
        (default, ?, ?, ?, ?, ?, ?, ?, ?)
Hibernate: 
    insert 
    into
        credit
        (id, credit_code, credit_value, customer_id, day_first_installment, number_of_installments, status) 
    values
        (default, ?, ?, ?, ?, ?, ?)
Hibernate: 
    insert 
    into
        credit
        (id, credit_code, credit_value, customer_id, day_first_installment, number_of_installments, status) 
    values
        (default, ?, ?, ?, ?, ?, ?)
Hibernate: 
    SELECT
        * 
    FROM
        CREDIT 
    WHERE
        CUSTOMER_ID = ?
Hibernate: 
    insert 
    into
        customer
        (id, street, zip_code, cpf, email, first_name, income, last_name, password) 
    values
        (default, ?, ?, ?, ?, ?, ?, ?, ?)
Hibernate: 
    insert 
    into
        credit
        (id, credit_code, credit_value, customer_id, day_first_installment, number_of_installments, status) 
    values
        (default, ?, ?, ?, ?, ?, ?)
Hibernate: 
    insert 
    into
        credit
        (id, credit_code, credit_value, customer_id, day_first_installment, number_of_installments, status) 
    values
        (default, ?, ?, ?, ?, ?, ?)
Hibernate: 
    update
        credit 
    set
        credit_code=?,
        credit_value=?,
        customer_id=?,
        day_first_installment=?,
        number_of_installments=?,
        status=? 
    where
        id=?
Hibernate: 
    update
        credit 
    set
        credit_code=?,
        credit_value=?,
        customer_id=?,
        day_first_installment=?,
        number_of_installments=?,
        status=? 
    where
        id=?
Hibernate: 
    select
        c1_0.id,
        c1_0.credit_code,
        c1_0.credit_value,
        c1_0.customer_id,
        c1_0.day_first_installment,
        c1_0.number_of_installments,
        c1_0.status 
    from
        credit c1_0 
    where
        c1_0.credit_code=?
Hibernate: 
    select
        c1_0.id,
        c1_0.credit_code,
        c1_0.credit_value,
        c1_0.customer_id,
        c1_0.day_first_installment,
        c1_0.number_of_installments,
        c1_0.status 
    from
        credit c1_0 
    where
        c1_0.credit_code=?
]]></system-out>
  <system-err><![CDATA[[2023.11.19 16:59:00] (Coverage): Error during class instrumentation: org.h2.value.ValueToObjectConverter: java.lang.RuntimeException: java.io.IOException: Class org/locationtech/jts/geom/Geometry not found
]]></system-err>
</testsuite>
