<?xml version="1.0" encoding="UTF-8"?>
<testsuite name="me.dio.credit.application.system.service.CreditServiceTest" tests="6" skipped="0" failures="0" errors="0" timestamp="2023-11-19T19:59:04" hostname="TIAGO" time="1.996">
  <properties/>
  <testcase name="should create credit()" classname="me.dio.credit.application.system.service.CreditServiceTest" time="1.255"/>
  <testcase name="should throw IllegalArgumentException for different customer ID()" classname="me.dio.credit.application.system.service.CreditServiceTest" time="0.058"/>
  <testcase name="should throw BusinessException for invalid credit code()" classname="me.dio.credit.application.system.service.CreditServiceTest" time="0.012"/>
  <testcase name="should return credit for a valid customer and credit code()" classname="me.dio.credit.application.system.service.CreditServiceTest" time="0.03"/>
  <testcase name="should return list of credits for a customer()" classname="me.dio.credit.application.system.service.CreditServiceTest" time="0.549"/>
  <testcase name="should not create credit when invalid day first installment()" classname="me.dio.credit.application.system.service.CreditServiceTest" time="0.047"/>
  <system-out><![CDATA[]]></system-out>
  <system-err><![CDATA[]]></system-err>
</testsuite>
