<?xml version="1.0" encoding="UTF-8"?>
<testsuite name="me.dio.credit.application.system.controller.CustomerResourceTest" tests="1" skipped="0" failures="0" errors="0" timestamp="2023-11-19T22:56:38" hostname="TIAGO" time="2.715">
  <properties/>
  <testcase name="should not update a customer with invalid id and return 400 status()" classname="me.dio.credit.application.system.controller.CustomerResourceTest" time="2.715"/>
  <system-out><![CDATA[19:56:19.457 [Test worker] DEBUG org.springframework.test.context.support.AbstractContextLoader - Could not detect default resource locations for test class [me.dio.credit.application.system.controller.CustomerResourceTest]: no resource found for suffixes {-context.xml, Context.groovy}.
19:56:19.470 [Test worker] DEBUG org.springframework.test.context.support.AnnotationConfigContextLoaderUtils - Ignoring class [me.dio.credit.application.system.controller.CustomerResourceTest$Companion]; it must be static, non-private, non-final, and annotated with @Configuration to be considered a default configuration class.
19:56:19.472 [Test worker] INFO org.springframework.test.context.support.AnnotationConfigContextLoaderUtils - Could not detect default configuration classes for test class [me.dio.credit.application.system.controller.CustomerResourceTest]: CustomerResourceTest does not declare any static, non-private, non-final, nested classes annotated with @Configuration.
19:56:19.672 [Test worker] DEBUG org.springframework.boot.test.context.SpringBootTestContextBootstrapper - Using ContextCustomizers for test class [CustomerResourceTest]: [DisableObservabilityContextCustomizer, PropertyMappingContextCustomizer, Customizer, ImportsContextCustomizer, ExcludeFilterContextCustomizer, DuplicateJsonObjectContextCustomizer, MockitoContextCustomizer, TestRestTemplateContextCustomizer]
19:56:20.040 [Test worker] DEBUG org.springframework.context.annotation.ClassPathScanningCandidateComponentProvider - Identified candidate component class: file [C:\Users\tiago\Documentos\Programação\Dio\credit-application-system\build\classes\kotlin\main\me\dio\credit\application\system\CreditApplicationSystemApplication.class]
19:56:20.049 [Test worker] INFO org.springframework.boot.test.context.SpringBootTestContextBootstrapper - Found @SpringBootConfiguration me.dio.credit.application.system.CreditApplicationSystemApplication for test class me.dio.credit.application.system.controller.CustomerResourceTest
19:56:20.429 [Test worker] DEBUG org.springframework.boot.test.context.SpringBootTestContextBootstrapper - Using TestExecutionListeners for test class [CustomerResourceTest]: [ServletTestExecutionListener, DirtiesContextBeforeModesTestExecutionListener, ApplicationEventsTestExecutionListener, MockitoTestExecutionListener, DependencyInjectionTestExecutionListener, DirtiesContextTestExecutionListener, TransactionalTestExecutionListener, SqlScriptsTestExecutionListener, EventPublishingTestExecutionListener, RestDocsTestExecutionListener, MockRestServiceServerResetTestExecutionListener, MockMvcPrintOnlyOnFailureTestExecutionListener, WebDriverTestExecutionListener, MockWebServiceServerTestExecutionListener, ResetMocksTestExecutionListener]
19:56:20.437 [Test worker] DEBUG org.springframework.test.context.support.AbstractDirtiesContextTestExecutionListener - Before test class: class [CustomerResourceTest], class annotated with @DirtiesContext [false] with mode [null]

  .   ____          _            __ _ _
 /\\ / ___'_ __ _ _(_)_ __  __ _ \ \ \ \
( ( )\___ | '_ | '_| | '_ \/ _` | \ \ \ \
 \\/  ___)| |_)| | | | | || (_| |  ) ) ) )
  '  |____| .__|_| |_|_| |_\__, | / / / /
 =========|_|==============|___/=/_/_/_/
 :: Spring Boot ::                (v3.0.4)

2023-11-19T19:56:21.549-03:00  INFO 19568 --- [    Test worker] m.d.c.a.s.c.CustomerResourceTest         : Starting CustomerResourceTest using Java 17.0.9 with PID 19568 (started by tiago in C:\Users\tiago\Documentos\Programação\Dio\credit-application-system)
2023-11-19T19:56:21.554-03:00  INFO 19568 --- [    Test worker] m.d.c.a.s.c.CustomerResourceTest         : The following 1 profile is active: "test"
2023-11-19T19:56:25.276-03:00  INFO 19568 --- [    Test worker] .s.d.r.c.RepositoryConfigurationDelegate : Bootstrapping Spring Data JPA repositories in DEFAULT mode.
2023-11-19T19:56:25.501-03:00  INFO 19568 --- [    Test worker] .s.d.r.c.RepositoryConfigurationDelegate : Finished Spring Data repository scanning in 187 ms. Found 2 JPA repository interfaces.
2023-11-19T19:56:26.803-03:00  INFO 19568 --- [    Test worker] com.zaxxer.hikari.HikariDataSource       : HikariPool-1 - Starting...
2023-11-19T19:56:27.433-03:00  INFO 19568 --- [    Test worker] com.zaxxer.hikari.pool.HikariPool        : HikariPool-1 - Added connection conn0: url=jdbc:h2:mem:db user=SA
2023-11-19T19:56:27.441-03:00  INFO 19568 --- [    Test worker] com.zaxxer.hikari.HikariDataSource       : HikariPool-1 - Start completed.
2023-11-19T19:56:27.615-03:00  INFO 19568 --- [    Test worker] o.hibernate.jpa.internal.util.LogHelper  : HHH000204: Processing PersistenceUnitInfo [name: default]
2023-11-19T19:56:27.832-03:00  INFO 19568 --- [    Test worker] org.hibernate.Version                    : HHH000412: Hibernate ORM core version 6.1.7.Final
2023-11-19T19:56:28.916-03:00  INFO 19568 --- [    Test worker] SQL dialect                              : HHH000400: Using dialect: org.hibernate.dialect.H2Dialect
Hibernate: 
    
    drop table if exists credit cascade 
Hibernate: 
    
    drop table if exists customer cascade 
Hibernate: 
    
    create table credit (
       id bigint generated by default as identity,
        credit_code uuid not null,
        credit_value numeric(38,2) not null,
        day_first_installment date not null,
        number_of_installments integer not null,
        status smallint,
        customer_id bigint,
        primary key (id)
    )
Hibernate: 
    
    create table customer (
       id bigint generated by default as identity,
        street varchar(255) not null,
        zip_code varchar(255) not null,
        cpf varchar(255) not null,
        email varchar(255) not null,
        first_name varchar(255) not null,
        income numeric(38,2) not null,
        last_name varchar(255) not null,
        password varchar(255) not null,
        primary key (id)
    )
Hibernate: 
    
    alter table if exists credit 
       add constraint UK_fs9sb9vxu86umfd06ybk7l6tv unique (credit_code)
Hibernate: 
    
    alter table if exists customer 
       add constraint UK_cwtgtb16nebxu54elskdjei66 unique (cpf)
Hibernate: 
    
    alter table if exists customer 
       add constraint UK_dwk6cx0afu8bs9o4t536v1j5v unique (email)
Hibernate: 
    
    alter table if exists credit 
       add constraint FKosxy6eoxva5hh9tschjwx1nf0 
       foreign key (customer_id) 
       references customer
2023-11-19T19:56:30.754-03:00  INFO 19568 --- [    Test worker] o.h.e.t.j.p.i.JtaPlatformInitiator       : HHH000490: Using JtaPlatform implementation: [org.hibernate.engine.transaction.jta.platform.internal.NoJtaPlatform]
2023-11-19T19:56:30.788-03:00  INFO 19568 --- [    Test worker] j.LocalContainerEntityManagerFactoryBean : Initialized JPA EntityManagerFactory for persistence unit 'default'
2023-11-19T19:56:33.605-03:00  WARN 19568 --- [    Test worker] JpaBaseConfiguration$JpaWebConfiguration : spring.jpa.open-in-view is enabled by default. Therefore, database queries may be performed during view rendering. Explicitly configure spring.jpa.open-in-view to disable this warning
2023-11-19T19:56:38.056-03:00  INFO 19568 --- [    Test worker] o.s.b.a.h2.H2ConsoleAutoConfiguration    : H2 console available at '/h2-console'. Database available at 'jdbc:h2:mem:db'
2023-11-19T19:56:38.133-03:00  INFO 19568 --- [    Test worker] o.s.b.t.m.w.SpringBootMockServletContext : Initializing Spring TestDispatcherServlet ''
2023-11-19T19:56:38.134-03:00  INFO 19568 --- [    Test worker] o.s.t.web.servlet.TestDispatcherServlet  : Initializing Servlet ''
2023-11-19T19:56:38.149-03:00  INFO 19568 --- [    Test worker] o.s.t.web.servlet.TestDispatcherServlet  : Completed initialization in 4 ms
2023-11-19T19:56:38.231-03:00  INFO 19568 --- [    Test worker] m.d.c.a.s.c.CustomerResourceTest         : Started CustomerResourceTest in 17.64 seconds (process running for 21.448)
Hibernate: 
    select
        c1_0.id,
        c1_0.street,
        c1_0.zip_code,
        c1_0.cpf,
        c1_0.email,
        c1_0.first_name,
        c1_0.income,
        c1_0.last_name,
        c1_0.password 
    from
        customer c1_0
Hibernate: 
    select
        c1_0.id,
        c1_0.street,
        c1_0.zip_code,
        c1_0.cpf,
        c1_0.email,
        c1_0.first_name,
        c1_0.income,
        c1_0.last_name,
        c1_0.password 
    from
        customer c1_0 
    where
        c1_0.id=?

MockHttpServletRequest:
      HTTP Method = PATCH
      Request URI = /api/customers
       Parameters = {customerId=[9028037455292538968]}
          Headers = [Content-Type:"application/json;charset=UTF-8", Content-Length:"113"]
             Body = {"firstName":"CamiUpdate","lastName":"CavalcanteUpdate","income":5000.0,"zipCode":"45656","street":"Rua Updated"}
    Session Attrs = {}

Handler:
             Type = me.dio.credit.application.system.controller.CustomerResource
           Method = me.dio.credit.application.system.controller.CustomerResource#upadateCustomer(long, CustomerUpdateDto)

Async:
    Async started = false
     Async result = null

Resolved Exception:
             Type = me.dio.credit.application.system.exception.BusinessException

ModelAndView:
        View name = null
             View = null
            Model = null

FlashMap:
       Attributes = null

MockHttpServletResponse:
           Status = 400
    Error message = null
          Headers = [Content-Type:"application/json"]
     Content type = application/json
             Body = {"title":"Bad Request! Consult the documentation","timestamp":"2023-11-19T19:56:40.337817","status":400,"exception":"class me.dio.credit.application.system.exception.BusinessException","details":{"null":"Id 9028037455292538968 not found"}}
    Forwarded URL = null
   Redirected URL = null
          Cookies = []
Hibernate: 
    select
        c1_0.id,
        c1_0.street,
        c1_0.zip_code,
        c1_0.cpf,
        c1_0.email,
        c1_0.first_name,
        c1_0.income,
        c1_0.last_name,
        c1_0.password 
    from
        customer c1_0
]]></system-out>
  <system-err><![CDATA[]]></system-err>
</testsuite>
